<?xml version="1.0" encoding="UTF-8"?>
<testsuite xmlns:xsi="http://www.w3.org/2001/XMLSchema-instance" xsi:noNamespaceSchemaLocation="https://maven.apache.org/surefire/maven-surefire-plugin/xsd/surefire-test-report-3.0.xsd" version="3.0" name="memory.SharedMatrixTest" time="0.189" tests="34" errors="0" skipped="0" failures="0">
  <properties>
[...]
</properties>
  <testcase name="testLoadRowMajorSingleColumn" classname="memory.SharedMatrixTest" time="0.068"/>
  <testcase name="testLoadRowMajor" classname="memory.SharedMatrixTest" time="0.005"/>
  <testcase name="testGetOrientationEmpty" classname="memory.SharedMatrixTest" time="0.005"/>
  <testcase name="testReadRowMajorFromRowMajor" classname="memory.SharedMatrixTest" time="0.002"/>
  <testcase name="testGet" classname="memory.SharedMatrixTest" time="0.002"/>
  <testcase name="testGetOrientationRowMajor" classname="memory.SharedMatrixTest" time="0.002"/>
  <testcase name="testReloadDifferentDimensions" classname="memory.SharedMatrixTest" time="0.002"/>
  <testcase name="test3x2Matrix" classname="memory.SharedMatrixTest" time="0.001"/>
  <testcase name="testLoadRowMajorSingleRow" classname="memory.SharedMatrixTest" time="0.001"/>
  <testcase name="testLoadRowMajorReplaces" classname="memory.SharedMatrixTest" time="0.002"/>
  <testcase name="testMatrixAdditionViaVectors" classname="memory.SharedMatrixTest" time="0.001"/>
  <testcase name="testReadRowMajorEmpty" classname="memory.SharedMatrixTest" time="0.001"/>
  <testcase name="test3x3Matrix" classname="memory.SharedMatrixTest" time="0.001"/>
  <testcase name="testGetOrientationColumnMajor" classname="memory.SharedMatrixTest" time="0.001"/>
  <testcase name="testConstructorPreservesValues" classname="memory.SharedMatrixTest" time="0.002"/>
  <testcase name="testMatrixNegationViaVectors" classname="memory.SharedMatrixTest" time="0.002"/>
  <testcase name="testMixedMatrix" classname="memory.SharedMatrixTest" time="0.001"/>
  <testcase name="testNegativeMatrix" classname="memory.SharedMatrixTest" time="0.001"/>
  <testcase name="testSwitchOrientation" classname="memory.SharedMatrixTest" time="0.001"/>
  <testcase name="testNx1Matrix" classname="memory.SharedMatrixTest" time="0.001"/>
  <testcase name="testLengthEmpty" classname="memory.SharedMatrixTest" time="0.0"/>
  <testcase name="testFloatingPointMatrix" classname="memory.SharedMatrixTest" time="0.001"/>
  <testcase name="testConstructorWithArray" classname="memory.SharedMatrixTest" time="0.001"/>
  <testcase name="test2x2IdentityMatrix" classname="memory.SharedMatrixTest" time="0.001"/>
  <testcase name="testLoadColumnMajorValues" classname="memory.SharedMatrixTest" time="0.001"/>
  <testcase name="testLoadRowMajorValues" classname="memory.SharedMatrixTest" time="0.002"/>
  <testcase name="testLength" classname="memory.SharedMatrixTest" time="0.002"/>
  <testcase name="testLoadColumnMajor" classname="memory.SharedMatrixTest" time="0.001"/>
  <testcase name="test2x3Matrix" classname="memory.SharedMatrixTest" time="0.001"/>
  <testcase name="test1xNMatrix" classname="memory.SharedMatrixTest" time="0.002"/>
  <testcase name="test1x1Matrix" classname="memory.SharedMatrixTest" time="0.001"/>
  <testcase name="testReadRowMajorFromColumnMajor" classname="memory.SharedMatrixTest" time="0.001"/>
  <testcase name="testZeroMatrix" classname="memory.SharedMatrixTest" time="0.002"/>
  <testcase name="testDefaultConstructor" classname="memory.SharedMatrixTest" time="0.002"/>
</testsuite>