<?xml version="1.0" encoding="UTF-8"?>
<testsuite xmlns:xsi="http://www.w3.org/2001/XMLSchema-instance" xsi:noNamespaceSchemaLocation="https://maven.apache.org/surefire/maven-surefire-plugin/xsd/surefire-test-report-3.0.xsd" version="3.0" name="memory.SharedVectorTest" time="0.159" tests="38" errors="0" skipped="0" failures="0">
  <properties>
[...]
</properties>
  <testcase name="testLargeValues" classname="memory.SharedVectorTest" time="0.002"/>
  <testcase name="testAddDifferentLengths" classname="memory.SharedVectorTest" time="0.002"/>
  <testcase name="testAddNegativeValues" classname="memory.SharedVectorTest" time="0.001"/>
  <testcase name="testNegateSingleElement" classname="memory.SharedVectorTest" time="0.003"/>
  <testcase name="testVecMatMulZeroMatrix" classname="memory.SharedVectorTest" time="0.002"/>
  <testcase name="testDotProductNegative" classname="memory.SharedVectorTest" time="0.001"/>
  <testcase name="testConstructorColumnMajor" classname="memory.SharedVectorTest" time="0.001"/>
  <testcase name="testSmallValues" classname="memory.SharedVectorTest" time="0.001"/>
  <testcase name="testGet" classname="memory.SharedVectorTest" time="0.001"/>
  <testcase name="testDotProductDifferentOrientations" classname="memory.SharedVectorTest" time="0.001"/>
  <testcase name="testNegatePositive" classname="memory.SharedVectorTest" time="0.011"/>
  <testcase name="testMultipleReadLocks" classname="memory.SharedVectorTest" time="0.062"/>
  <testcase name="testReadLocking" classname="memory.SharedVectorTest" time="0.002"/>
  <testcase name="testVecMatMulRowMajor2x2" classname="memory.SharedVectorTest" time="0.001"/>
  <testcase name="testVecMatMulRowMajor3x3" classname="memory.SharedVectorTest" time="0.001"/>
  <testcase name="testNegateNegative" classname="memory.SharedVectorTest" time="0.002"/>
  <testcase name="testAddSingleElement" classname="memory.SharedVectorTest" time="0.001"/>
  <testcase name="testDoubleTranspose" classname="memory.SharedVectorTest" time="0.001"/>
  <testcase name="testAddBasic" classname="memory.SharedVectorTest" time="0.001"/>
  <testcase name="testNegateMixed" classname="memory.SharedVectorTest" time="0.001"/>
  <testcase name="testDotProductZero" classname="memory.SharedVectorTest" time="0.001"/>
  <testcase name="testNegateZero" classname="memory.SharedVectorTest" time="0.001"/>
  <testcase name="testWriteLocking" classname="memory.SharedVectorTest" time="0.003"/>
  <testcase name="testDotProductDifferentLengths" classname="memory.SharedVectorTest" time="0.002"/>
  <testcase name="testAddDifferentOrientations" classname="memory.SharedVectorTest" time="0.001"/>
  <testcase name="testTransposeRowToColumn" classname="memory.SharedVectorTest" time="0.0"/>
  <testcase name="testAddZeroVector" classname="memory.SharedVectorTest" time="0.001"/>
  <testcase name="testVecMatMulIdentity" classname="memory.SharedVectorTest" time="0.0"/>
  <testcase name="testDotProductSingleElement" classname="memory.SharedVectorTest" time="0.001"/>
  <testcase name="testVecMatMulChangesSize" classname="memory.SharedVectorTest" time="0.002"/>
  <testcase name="testVecMatMulDimensionMismatch" classname="memory.SharedVectorTest" time="0.002"/>
  <testcase name="testTransposeColumnToRow" classname="memory.SharedVectorTest" time="0.002"/>
  <testcase name="testDotProductBasic" classname="memory.SharedVectorTest" time="0.001"/>
  <testcase name="testLength" classname="memory.SharedVectorTest" time="0.001"/>
  <testcase name="testAddFloatingPoint" classname="memory.SharedVectorTest" time="0.001"/>
  <testcase name="testDotProductOrthogonal" classname="memory.SharedVectorTest" time="0.0"/>
  <testcase name="testDoubleNegate" classname="memory.SharedVectorTest" time="0.001"/>
  <testcase name="testConstructor" classname="memory.SharedVectorTest" time="0.0"/>
</testsuite>